Using pre-set license
Built from '2020.3/release' branch; Version is '2020.3.2f1 (8fd9074bf66c) revision 9427207'; Using compiler version '192528614'; Build Type 'Release'
OS: 'Windows 10 Pro; OS build 19041.985; Version 2004; 64bit' Language: 'ru' Physical Memory: 16317 MB
BatchMode: 1, IsHumanControllingUs: 0, StartBugReporterOnCrash: 0, Is64bit: 1, IsPro: 0

 COMMAND LINE ARGUMENTS:
B:\Program Files\2020.3.2f1\Editor\Unity.exe
-adb2
-batchMode
-noUpm
-name
AssetImportWorker0
-projectPath
B:/Unity Projects/Let me go!
-logFile
Logs/AssetImportWorker0.log
-srvPort
58773
Successfully changed project path to: B:/Unity Projects/Let me go!
B:/Unity Projects/Let me go!
Using Asset Import Pipeline V2.
Refreshing native plugins compatible for Editor in 27.17 ms, found 0 plugins.
Preloading 0 native plugins for Editor in 0.00 ms.
Initialize engine version: 2020.3.2f1 (8fd9074bf66c)
[Subsystems] Discovering subsystems at path B:/Program Files/2020.3.2f1/Editor/Data/Resources/UnitySubsystems
[Subsystems] Discovering subsystems at path B:/Unity Projects/Let me go!/Assets
GfxDevice: creating device client; threaded=0
Direct3D:
    Version:  Direct3D 11.0 [level 11.1]
    Renderer: NVIDIA GeForce RTX 2070 SUPER (ID=0x1e84)
    Vendor:   
    VRAM:     8011 MB
    Driver:   27.21.14.6079
Initialize mono
Mono path[0] = 'B:/Program Files/2020.3.2f1/Editor/Data/Managed'
Mono path[1] = 'B:/Program Files/2020.3.2f1/Editor/Data/MonoBleedingEdge/lib/mono/unityjit'
Mono config path = 'B:/Program Files/2020.3.2f1/Editor/Data/MonoBleedingEdge/etc'
Using monoOptions --debugger-agent=transport=dt_socket,embedding=1,server=y,suspend=n,address=127.0.0.1:56248
Begin MonoManager ReloadAssembly
Registering precompiled unity dll's ...
Register platform support module: B:/Program Files/2020.3.2f1/Editor/Data/PlaybackEngines/WindowsStandaloneSupport/UnityEditor.WindowsStandalone.Extensions.dll
Registered in 0.000904 seconds.
Native extension for WindowsStandalone target not found
Refreshing native plugins compatible for Editor in 27.72 ms, found 0 plugins.
Preloading 0 native plugins for Editor in 0.00 ms.
Invoked RoslynAnalysisRunner static constructor.
RoslynAnalysisRunner will not be running.
RoslynAnalysisRunner has terminated.
Mono: successfully reloaded assembly
- Completed reload, in  0.786 seconds
Platform modules already initialized, skipping
Registering precompiled user dll's ...
Registered in 0.000498 seconds.
Begin MonoManager ReloadAssembly
Native extension for WindowsStandalone target not found
Refreshing native plugins compatible for Editor in 0.28 ms, found 0 plugins.
Preloading 0 native plugins for Editor in 0.00 ms.
Invoked RoslynAnalysisRunner static constructor.
RoslynAnalysisRunner will not be running.
RoslynAnalysisRunner has terminated.
Mono: successfully reloaded assembly
- Completed reload, in  0.711 seconds
Platform modules already initialized, skipping
========================================================================
Worker process is ready to serve import requests
Launched and connected shader compiler UnityShaderCompiler.exe after 0.05 seconds
Refreshing native plugins compatible for Editor in 0.29 ms, found 0 plugins.
Preloading 0 native plugins for Editor in 0.00 ms.
Unloading 1267 Unused Serialized files (Serialized files now loaded: 0)
System memory in use before: 93.5 MB.
System memory in use after: 93.2 MB.

Unloading 12 unused Assets to reduce memory usage. Loaded Objects now: 1738.
Total: 1.809200 ms (FindLiveObjects: 0.240600 ms CreateObjectMapping: 0.061500 ms MarkObjects: 1.191400 ms  DeleteObjects: 0.314900 ms)

========================================================================
Received Import Request.
  path: Assets/ADG_Textures/ground_vol1/ground2
  artifactKey: Guid(568f9eb5b58991e4f8d06973df6e539a) Importer(815301076,1909f56bfc062723c751e8b465ee728b)
Start importing Assets/ADG_Textures/ground_vol1/ground2 using Guid(568f9eb5b58991e4f8d06973df6e539a) Importer(815301076,1909f56bfc062723c751e8b465ee728b)  -> (artifact id: 'f3f6283bdc9aa0282ab72d5b7ab1bad8') in 0.006157 seconds
  Import took 0.017222 seconds .

========================================================================
Received Import Request.
  Time since last request: 1.591620 seconds.
  path: Assets/Asphalt_materials/Scenes
  artifactKey: Guid(3567e647660954d248936274667c5d1d) Importer(815301076,1909f56bfc062723c751e8b465ee728b)
Start importing Assets/Asphalt_materials/Scenes using Guid(3567e647660954d248936274667c5d1d) Importer(815301076,1909f56bfc062723c751e8b465ee728b)  -> (artifact id: 'bd994072678eca3a25109cea8e5b3c4a') in 0.013248 seconds
  Import took 0.016078 seconds .

========================================================================
Received Import Request.
  Time since last request: 2.077336 seconds.
  path: Assets/Asphalt_materials/Textures
  artifactKey: Guid(26e25193cc7ef404bb0e71904f917d91) Importer(815301076,1909f56bfc062723c751e8b465ee728b)
Start importing Assets/Asphalt_materials/Textures using Guid(26e25193cc7ef404bb0e71904f917d91) Importer(815301076,1909f56bfc062723c751e8b465ee728b)  -> (artifact id: '2f102fa04b33f8d096c24fde471b25bf') in 0.012208 seconds
  Import took 0.015083 seconds .

========================================================================
Received Import Request.
  Time since last request: 1.022104 seconds.
  path: Assets/Asphalt_materials/Textures/Asphalt_texture2
  artifactKey: Guid(d2c180e23d63c44e38436f959b456e11) Importer(815301076,1909f56bfc062723c751e8b465ee728b)
Start importing Assets/Asphalt_materials/Textures/Asphalt_texture2 using Guid(d2c180e23d63c44e38436f959b456e11) Importer(815301076,1909f56bfc062723c751e8b465ee728b)  -> (artifact id: '8a8baebdd9bd63b8739f12dca893e363') in 0.012213 seconds
  Import took 0.014581 seconds .

========================================================================
Received Import Request.
  Time since last request: 11.630464 seconds.
  path: Assets/Billboard
  artifactKey: Guid(568f7705303b5d04088828bc5eb79c55) Importer(815301076,1909f56bfc062723c751e8b465ee728b)
Start importing Assets/Billboard using Guid(568f7705303b5d04088828bc5eb79c55) Importer(815301076,1909f56bfc062723c751e8b465ee728b)  -> (artifact id: '3250e860c6a41fc6f59ea676779c9e86') in 0.005403 seconds
  Import took 0.015495 seconds .

========================================================================
Received Import Request.
  Time since last request: 16.835328 seconds.
  path: Assets/Billboard/scene1.unity
  artifactKey: Guid(08ed6910588b3f84e977bcc31f0dcba8) Importer(815301076,1909f56bfc062723c751e8b465ee728b)
Start importing Assets/Billboard/scene1.unity using Guid(08ed6910588b3f84e977bcc31f0dcba8) Importer(815301076,1909f56bfc062723c751e8b465ee728b)  -> (artifact id: 'a7a089f0a33c03daa7b005db1c25843f') in 0.011666 seconds
  Import took 0.014175 seconds .

========================================================================
Received Import Request.
  Time since last request: 38.983981 seconds.
  path: Assets/devotid
  artifactKey: Guid(3511fa4c588293e428b89cd75de74470) Importer(815301076,1909f56bfc062723c751e8b465ee728b)
Start importing Assets/devotid using Guid(3511fa4c588293e428b89cd75de74470) Importer(815301076,1909f56bfc062723c751e8b465ee728b)  -> (artifact id: '0430e29cea493ec76062ca77a1764e57') in 0.014317 seconds
  Import took 0.017033 seconds .

========================================================================
Received Import Request.
  Time since last request: 1.219849 seconds.
  path: Assets/devotid/Parking Gate
  artifactKey: Guid(732f7acbe7097394fa013ff14e75515d) Importer(815301076,1909f56bfc062723c751e8b465ee728b)
Start importing Assets/devotid/Parking Gate using Guid(732f7acbe7097394fa013ff14e75515d) Importer(815301076,1909f56bfc062723c751e8b465ee728b)  -> (artifact id: '3a7747faa709dd174537dfd43bb425a1') in 0.013228 seconds
  Import took 0.015705 seconds .

========================================================================
Received Import Request.
  Time since last request: 2.069676 seconds.
  path: Assets/devotid/Parking Gate/Prefabs
  artifactKey: Guid(e54f81003816cd649b3b42dfd4f5f021) Importer(815301076,1909f56bfc062723c751e8b465ee728b)
Start importing Assets/devotid/Parking Gate/Prefabs using Guid(e54f81003816cd649b3b42dfd4f5f021) Importer(815301076,1909f56bfc062723c751e8b465ee728b)  -> (artifact id: 'c91a9a1d1dae1db34f1e5500afb11995') in 0.012722 seconds
  Import took 0.015647 seconds .

========================================================================
Received Import Request.
  Time since last request: 8.917775 seconds.
  path: Assets/Fence pack
  artifactKey: Guid(458706a43babd2044a7120a52e7d65be) Importer(815301076,1909f56bfc062723c751e8b465ee728b)
Start importing Assets/Fence pack using Guid(458706a43babd2044a7120a52e7d65be) Importer(815301076,1909f56bfc062723c751e8b465ee728b)  -> (artifact id: 'ef10a9e6117e43d5f20b3b5931d75710') in 0.007723 seconds
  Import took 0.018755 seconds .

========================================================================
Received Import Request.
  Time since last request: 12.647199 seconds.
  path: Assets/Game Jam Template/Prefabs
  artifactKey: Guid(8df35095f64705f4bbe2c5f103ac97a6) Importer(815301076,1909f56bfc062723c751e8b465ee728b)
Start importing Assets/Game Jam Template/Prefabs using Guid(8df35095f64705f4bbe2c5f103ac97a6) Importer(815301076,1909f56bfc062723c751e8b465ee728b)  -> (artifact id: '0b2799db7dc876670cd07ae3189a01b0') in 0.009113 seconds
  Import took 0.011826 seconds .

========================================================================
Received Import Request.
  Time since last request: 6.490686 seconds.
  path: Assets/Game Jam Template/Audio
  artifactKey: Guid(d069405eeabab41d886caf864b4de1b5) Importer(815301076,1909f56bfc062723c751e8b465ee728b)
Start importing Assets/Game Jam Template/Audio using Guid(d069405eeabab41d886caf864b4de1b5) Importer(815301076,1909f56bfc062723c751e8b465ee728b)  -> (artifact id: '15c75d1ebbbc66c91b6c914bc3f8c5af') in 0.007577 seconds
  Import took 0.017802 seconds .

========================================================================
Received Import Request.
  Time since last request: 7.427650 seconds.
  path: Assets/Game Jam Template/Animation
  artifactKey: Guid(678b2904248514f5580dcfd939c12f8d) Importer(815301076,1909f56bfc062723c751e8b465ee728b)
Start importing Assets/Game Jam Template/Animation using Guid(678b2904248514f5580dcfd939c12f8d) Importer(815301076,1909f56bfc062723c751e8b465ee728b)  -> (artifact id: '4cfc0648557aa6c75ce79debdd5aa596') in 0.005327 seconds
  Import took 0.008576 seconds .

========================================================================
Received Import Request.
  Time since last request: 1.665234 seconds.
  path: Assets/Game Jam Template/Fonts
  artifactKey: Guid(5697b782242bf5440bc04bba0c6ce7f0) Importer(815301076,1909f56bfc062723c751e8b465ee728b)
Start importing Assets/Game Jam Template/Fonts using Guid(5697b782242bf5440bc04bba0c6ce7f0) Importer(815301076,1909f56bfc062723c751e8b465ee728b)  -> (artifact id: 'd816f7cbe7d7a172762b86ac67d9ad6a') in 0.012743 seconds
  Import took 0.015253 seconds .

========================================================================
Received Import Request.
  Time since last request: 4.424726 seconds.
  path: Assets/Game Jam Template/Scripts
  artifactKey: Guid(4925154b479fa4e72bf1f8eae56bffec) Importer(815301076,1909f56bfc062723c751e8b465ee728b)
Start importing Assets/Game Jam Template/Scripts using Guid(4925154b479fa4e72bf1f8eae56bffec) Importer(815301076,1909f56bfc062723c751e8b465ee728b)  -> (artifact id: 'cc435a52d77ee5a923d3ec1934a1287e') in 0.013478 seconds
  Import took 0.016279 seconds .

========================================================================
Received Prepare
Registering precompiled user dll's ...
Registered in 0.000552 seconds.
Begin MonoManager ReloadAssembly
Native extension for WindowsStandalone target not found
Refreshing native plugins compatible for Editor in 0.30 ms, found 0 plugins.
Preloading 0 native plugins for Editor in 0.00 ms.
Invoked RoslynAnalysisRunner static constructor.
RoslynAnalysisRunner will not be running.
RoslynAnalysisRunner has terminated.
Mono: successfully reloaded assembly
- Completed reload, in  0.624 seconds
Platform modules already initialized, skipping
Refreshing native plugins compatible for Editor in 0.26 ms, found 0 plugins.
Preloading 0 native plugins for Editor in 0.00 ms.
Unloading 1174 Unused Serialized files (Serialized files now loaded: 0)
System memory in use before: 86.1 MB.
System memory in use after: 85.8 MB.

Unloading 23 unused Assets to reduce memory usage. Loaded Objects now: 1725.
Total: 1.959300 ms (FindLiveObjects: 0.136900 ms CreateObjectMapping: 0.031800 ms MarkObjects: 1.461800 ms  DeleteObjects: 0.328200 ms)

========================================================================
Received Import Request.
  Time since last request: 52.226252 seconds.
  path: Assets/NatureStarterKit2/Scene
  artifactKey: Guid(406b7a5b7a9ba0b41bf47a649b017346) Importer(815301076,1909f56bfc062723c751e8b465ee728b)
Start importing Assets/NatureStarterKit2/Scene using Guid(406b7a5b7a9ba0b41bf47a649b017346) Importer(815301076,1909f56bfc062723c751e8b465ee728b)  -> (artifact id: '9ca91953de7f9ef266d59c47bf73d550') in 0.008263 seconds
  Import took 0.019239 seconds .

========================================================================
Received Import Request.
  Time since last request: 9.173483 seconds.
  path: Assets/Parks And Nature Pack
  artifactKey: Guid(bd6c825fa0de49540ac5f88d163b81b1) Importer(815301076,1909f56bfc062723c751e8b465ee728b)
Start importing Assets/Parks And Nature Pack using Guid(bd6c825fa0de49540ac5f88d163b81b1) Importer(815301076,1909f56bfc062723c751e8b465ee728b)  -> (artifact id: 'fcb371256fba28cddf91c162228d7f7c') in 0.013215 seconds
  Import took 0.015418 seconds .

========================================================================
Received Import Request.
  Time since last request: 1.062353 seconds.
  path: Assets/Parks And Nature Pack/Prefab
  artifactKey: Guid(9a8c067596c51fe4096008e3af628684) Importer(815301076,1909f56bfc062723c751e8b465ee728b)
Start importing Assets/Parks And Nature Pack/Prefab using Guid(9a8c067596c51fe4096008e3af628684) Importer(815301076,1909f56bfc062723c751e8b465ee728b)  -> (artifact id: 'a04fba129b64a5ed48c8c0117c733465') in 0.006902 seconds
  Import took 0.010161 seconds .

========================================================================
Received Import Request.
  Time since last request: 0.000361 seconds.
  path: Assets/Parks And Nature Pack/Prefab
  artifactKey: Guid(9a8c067596c51fe4096008e3af628684) Importer(815301076,1909f56bfc062723c751e8b465ee728b)
Start importing Assets/Parks And Nature Pack/Prefab using Guid(9a8c067596c51fe4096008e3af628684) Importer(815301076,1909f56bfc062723c751e8b465ee728b)  -> (artifact id: 'a04fba129b64a5ed48c8c0117c733465') in 0.001855 seconds
  Import took 0.004235 seconds .

========================================================================
Received Prepare
Registering precompiled user dll's ...
Registered in 0.000583 seconds.
Begin MonoManager ReloadAssembly
Native extension for WindowsStandalone target not found
Refreshing native plugins compatible for Editor in 0.27 ms, found 0 plugins.
Preloading 0 native plugins for Editor in 0.00 ms.
Invoked RoslynAnalysisRunner static constructor.
RoslynAnalysisRunner will not be running.
RoslynAnalysisRunner has terminated.
Mono: successfully reloaded assembly
- Completed reload, in  0.601 seconds
Platform modules already initialized, skipping
Refreshing native plugins compatible for Editor in 0.30 ms, found 0 plugins.
Preloading 0 native plugins for Editor in 0.00 ms.
Unloading 1174 Unused Serialized files (Serialized files now loaded: 0)
System memory in use before: 86.1 MB.
System memory in use after: 85.8 MB.

Unloading 7 unused Assets to reduce memory usage. Loaded Objects now: 1728.
Total: 2.120300 ms (FindLiveObjects: 0.204900 ms CreateObjectMapping: 0.052300 ms MarkObjects: 1.524300 ms  DeleteObjects: 0.337800 ms)

========================================================================
Received Import Request.
  Time since last request: 27.416831 seconds.
  path: Assets/Simple city plain
  artifactKey: Guid(da8b0ae11386f4140918eb68d2b2da31) Importer(815301076,1909f56bfc062723c751e8b465ee728b)
Start importing Assets/Simple city plain using Guid(da8b0ae11386f4140918eb68d2b2da31) Importer(815301076,1909f56bfc062723c751e8b465ee728b)  -> (artifact id: '96ce80261be4f6fc4883249f9385e75c') in 0.006508 seconds
  Import took 0.017330 seconds .

========================================================================
Received Import Request.
  Time since last request: 25.706276 seconds.
  path: Assets/Simple Vehicle Pack
  artifactKey: Guid(fe32384e51ee89844883b7b26e12ecb8) Importer(815301076,1909f56bfc062723c751e8b465ee728b)
Start importing Assets/Simple Vehicle Pack using Guid(fe32384e51ee89844883b7b26e12ecb8) Importer(815301076,1909f56bfc062723c751e8b465ee728b)  -> (artifact id: 'c1f6db680ef9ba4c363bad4ae4ed97f8') in 0.007405 seconds
  Import took 0.018347 seconds .

AssetImportWorkerClient::OnTransportError - code=2 error=End of file
